<?xml version="1.0" encoding="UTF-8"?>
<testsuite name="dex.ivanova.FileParsingTest" tests="1" skipped="0" failures="0" errors="0" timestamp="2022-01-16T14:59:56" hostname="WIN-VH9VRP4DRHU" time="2.641">
  <properties/>
  <testcase name="parseXlsTest()" classname="dex.ivanova.FileParsingTest" time="2.641"/>
  <system-out><![CDATA[]]></system-out>
  <system-err><![CDATA[]]></system-err>
</testsuite>
